# JRE version: Java(TM) SE Runtime Environment 18.9 (11.0.16+11) (build 11.0.16+11-LTS-199)
# Java VM: Java HotSpot(TM) 64-Bit Server VM 18.9 (11.0.16+11-LTS-199, mixed mode, tiered, compressed oops, g1 gc, windows-amd64)
Heap:
 garbage-first heap   total 653312K, used 405903K [0x0000000701a00000, 0x0000000800000000)
  region size 1024K, 8 young (8192K), 4 survivors (4096K)
 Metaspace       used 25354K, capacity 26216K, committed 26496K, reserved 1075200K
  class space    used 3482K, capacity 3901K, committed 3968K, reserved 1048576K
GC Heap History (6 events):
Event: 2.293 GC heap before
{Heap before GC invocations=0 (full 0):
 garbage-first heap   total 262144K, used 13312K [0x0000000701a00000, 0x0000000800000000)
  region size 1024K, 14 young (14336K), 0 survivors (0K)
 Metaspace       used 8302K, capacity 8534K, committed 8704K, reserved 1056768K
  class space    used 821K, capacity 922K, committed 1024K, reserved 1048576K
}
Event: 2.296 GC heap after
{Heap after GC invocations=1 (full 0):
 garbage-first heap   total 262144K, used 1985K [0x0000000701a00000, 0x0000000800000000)
  region size 1024K, 2 young (2048K), 2 survivors (2048K)
 Metaspace       used 8302K, capacity 8534K, committed 8704K, reserved 1056768K
  class space    used 821K, capacity 922K, committed 1024K, reserved 1048576K
}
Event: 2.943 GC heap before
{Heap before GC invocations=1 (full 0):
 garbage-first heap   total 262144K, used 29633K [0x0000000701a00000, 0x0000000800000000)
  region size 1024K, 30 young (30720K), 2 survivors (2048K)
 Metaspace       used 16314K, capacity 16740K, committed 17024K, reserved 1064960K
  class space    used 1946K, capacity 2136K, committed 2176K, reserved 1048576K
}
Event: 2.949 GC heap after
{Heap after GC invocations=2 (full 0):
 garbage-first heap   total 262144K, used 5689K [0x0000000701a00000, 0x0000000800000000)
  region size 1024K, 6 young (6144K), 6 survivors (6144K)
 Metaspace       used 16314K, capacity 16740K, committed 17024K, reserved 1064960K
  class space    used 1946K, capacity 2136K, committed 2176K, reserved 1048576K
}
Event: 6.594 GC heap before
{Heap before GC invocations=3 (full 0):
 garbage-first heap   total 653312K, used 423481K [0x0000000701a00000, 0x0000000800000000)
  region size 1024K, 34 young (34816K), 6 survivors (6144K)
 Metaspace       used 24697K, capacity 25561K, committed 25856K, reserved 1071104K
  class space    used 3403K, capacity 3786K, committed 3840K, reserved 1048576K
}
Event: 6.607 GC heap after
{Heap after GC invocations=4 (full 0):
 garbage-first heap   total 653312K, used 400783K [0x0000000701a00000, 0x0000000800000000)
  region size 1024K, 4 young (4096K), 4 survivors (4096K)
 Metaspace       used 24697K, capacity 25561K, committed 25856K, reserved 1071104K
  class space    used 3403K, capacity 3786K, committed 3840K, reserved 1048576K
}

