# JRE version: Java(TM) SE Runtime Environment 18.9 (11.0.16+11) (build 11.0.16+11-LTS-199)
# Java VM: Java HotSpot(TM) 64-Bit Server VM 18.9 (11.0.16+11-LTS-199, mixed mode, tiered, compressed oops, g1 gc, windows-amd64)
Heap:
 garbage-first heap   total 653312K, used 421384K [0x0000000701a00000, 0x0000000800000000)
  region size 1024K, 17 young (17408K), 5 survivors (5120K)
 Metaspace       used 36694K, capacity 37966K, committed 38144K, reserved 1081344K
  class space    used 4757K, capacity 5320K, committed 5376K, reserved 1048576K
GC Heap History (8 events):
Event: 0.552 GC heap before
{Heap before GC invocations=0 (full 0):
 garbage-first heap   total 262144K, used 13312K [0x0000000701a00000, 0x0000000800000000)
  region size 1024K, 14 young (14336K), 0 survivors (0K)
 Metaspace       used 8281K, capacity 8536K, committed 8704K, reserved 1056768K
  class space    used 821K, capacity 922K, committed 1024K, reserved 1048576K
}
Event: 0.555 GC heap after
{Heap after GC invocations=1 (full 0):
 garbage-first heap   total 262144K, used 2003K [0x0000000701a00000, 0x0000000800000000)
  region size 1024K, 2 young (2048K), 2 survivors (2048K)
 Metaspace       used 8281K, capacity 8536K, committed 8704K, reserved 1056768K
  class space    used 821K, capacity 922K, committed 1024K, reserved 1048576K
}
Event: 1.093 GC heap before
{Heap before GC invocations=1 (full 0):
 garbage-first heap   total 262144K, used 28627K [0x0000000701a00000, 0x0000000800000000)
  region size 1024K, 29 young (29696K), 2 survivors (2048K)
 Metaspace       used 16301K, capacity 16678K, committed 16768K, reserved 1064960K
  class space    used 1947K, capacity 2136K, committed 2176K, reserved 1048576K
}
Event: 1.100 GC heap after
{Heap after GC invocations=2 (full 0):
 garbage-first heap   total 262144K, used 5687K [0x0000000701a00000, 0x0000000800000000)
  region size 1024K, 6 young (6144K), 6 survivors (6144K)
 Metaspace       used 16301K, capacity 16678K, committed 16768K, reserved 1064960K
  class space    used 1947K, capacity 2136K, committed 2176K, reserved 1048576K
}
Event: 4.163 GC heap before
{Heap before GC invocations=3 (full 0):
 garbage-first heap   total 653312K, used 423479K [0x0000000701a00000, 0x0000000800000000)
  region size 1024K, 34 young (34816K), 6 survivors (6144K)
 Metaspace       used 24694K, capacity 25509K, committed 25600K, reserved 1071104K
  class space    used 3406K, capacity 3787K, committed 3840K, reserved 1048576K
}
Event: 4.175 GC heap after
{Heap after GC invocations=4 (full 0):
 garbage-first heap   total 653312K, used 400555K [0x0000000701a00000, 0x0000000800000000)
  region size 1024K, 4 young (4096K), 4 survivors (4096K)
 Metaspace       used 24694K, capacity 25509K, committed 25600K, reserved 1071104K
  class space    used 3406K, capacity 3787K, committed 3840K, reserved 1048576K
}
Event: 12.604 GC heap before
{Heap before GC invocations=5 (full 0):
 garbage-first heap   total 653312K, used 439467K [0x0000000701a00000, 0x0000000800000000)
  region size 1024K, 40 young (40960K), 4 survivors (4096K)
 Metaspace       used 36166K, capacity 37441K, committed 37632K, reserved 1081344K
  class space    used 4752K, capacity 5310K, committed 5376K, reserved 1048576K
}
Event: 12.625 GC heap after
{Heap after GC invocations=6 (full 0):
 garbage-first heap   total 653312K, used 410120K [0x0000000701a00000, 0x0000000800000000)
  region size 1024K, 5 young (5120K), 5 survivors (5120K)
 Metaspace       used 36166K, capacity 37441K, committed 37632K, reserved 1081344K
  class space    used 4752K, capacity 5310K, committed 5376K, reserved 1048576K
}

